#! /usr/bin/vvp
:ivl_version "10.1 (stable)";
:ivl_delay_selection "TYPICAL";
:vpi_time_precision + 0;
:vpi_module "system";
:vpi_module "vhdl_sys";
:vpi_module "v2005_math";
:vpi_module "va_math";
S_0x55eb473e0120 .scope module, "tb_program_counter" "tb_program_counter" 2 1;
 .timescale 0 0;
v0x55eb47400920_0 .var "tb_branch_en", 0 0;
v0x55eb474009e0_0 .var "tb_branch_target", 15 0;
v0x55eb47400ab0_0 .var "tb_clk", 0 0;
v0x55eb47400bb0_0 .var "tb_pc_en", 0 0;
v0x55eb47400c80_0 .net "tb_pc_out", 15 0, v0x55eb47400670_0;  1 drivers
v0x55eb47400d70_0 .var "tb_rstn", 0 0;
S_0x55eb473e02a0 .scope module, "dut" "program_counter" 2 7, 3 1 0, S_0x55eb473e0120;
 .timescale 0 0;
    .port_info 0 /INPUT 1 "clk"
    .port_info 1 /INPUT 1 "rstn"
    .port_info 2 /INPUT 1 "pc_en"
    .port_info 3 /INPUT 1 "branch_en"
    .port_info 4 /INPUT 16 "branch_target"
    .port_info 5 /OUTPUT 16 "pc_out"
v0x55eb473e0510_0 .net "branch_en", 0 0, v0x55eb47400920_0;  1 drivers
v0x55eb47400430_0 .net "branch_target", 15 0, v0x55eb474009e0_0;  1 drivers
v0x55eb47400510_0 .net "clk", 0 0, v0x55eb47400ab0_0;  1 drivers
v0x55eb474005b0_0 .net "pc_en", 0 0, v0x55eb47400bb0_0;  1 drivers
v0x55eb47400670_0 .var "pc_out", 15 0;
v0x55eb474007a0_0 .net "rstn", 0 0, v0x55eb47400d70_0;  1 drivers
E_0x55eb4739ed10/0 .event negedge, v0x55eb474007a0_0;
E_0x55eb4739ed10/1 .event posedge, v0x55eb47400510_0;
E_0x55eb4739ed10 .event/or E_0x55eb4739ed10/0, E_0x55eb4739ed10/1;
    .scope S_0x55eb473e02a0;
T_0 ;
    %wait E_0x55eb4739ed10;
    %load/vec4 v0x55eb474007a0_0;
    %cmpi/e 0, 0, 1;
    %jmp/0xz  T_0.0, 4;
    %pushi/vec4 0, 0, 16;
    %assign/vec4 v0x55eb47400670_0, 0;
    %jmp T_0.1;
T_0.0 ;
    %load/vec4 v0x55eb474007a0_0;
    %pushi/vec4 1, 0, 1;
    %cmp/e;
    %flag_get/vec4 4;
    %load/vec4 v0x55eb474005b0_0;
    %pushi/vec4 0, 0, 1;
    %cmp/e;
    %flag_get/vec4 4;
    %and;
    %flag_set/vec4 8;
    %jmp/0xz  T_0.2, 8;
    %load/vec4 v0x55eb47400670_0;
    %assign/vec4 v0x55eb47400670_0, 0;
    %jmp T_0.3;
T_0.2 ;
    %load/vec4 v0x55eb474007a0_0;
    %pushi/vec4 1, 0, 1;
    %cmp/e;
    %flag_get/vec4 4;
    %load/vec4 v0x55eb474005b0_0;
    %pushi/vec4 1, 0, 1;
    %cmp/e;
    %flag_get/vec4 4;
    %and;
    %load/vec4 v0x55eb473e0510_0;
    %pushi/vec4 0, 0, 1;
    %cmp/e;
    %flag_get/vec4 4;
    %and;
    %flag_set/vec4 8;
    %jmp/0xz  T_0.4, 8;
    %load/vec4 v0x55eb47400670_0;
    %addi 1, 0, 16;
    %assign/vec4 v0x55eb47400670_0, 0;
    %jmp T_0.5;
T_0.4 ;
    %load/vec4 v0x55eb474007a0_0;
    %pushi/vec4 1, 0, 1;
    %cmp/e;
    %flag_get/vec4 4;
    %load/vec4 v0x55eb474005b0_0;
    %pushi/vec4 1, 0, 1;
    %cmp/e;
    %flag_get/vec4 4;
    %and;
    %load/vec4 v0x55eb473e0510_0;
    %pushi/vec4 1, 0, 1;
    %cmp/e;
    %flag_get/vec4 4;
    %and;
    %flag_set/vec4 8;
    %jmp/0xz  T_0.6, 8;
    %load/vec4 v0x55eb47400430_0;
    %assign/vec4 v0x55eb47400670_0, 0;
T_0.6 ;
T_0.5 ;
T_0.3 ;
T_0.1 ;
    %jmp T_0;
    .thread T_0;
    .scope S_0x55eb473e0120;
T_1 ;
    %pushi/vec4 0, 0, 1;
    %store/vec4 v0x55eb47400ab0_0, 0, 1;
    %end;
    .thread T_1;
    .scope S_0x55eb473e0120;
T_2 ;
    %delay 10, 0;
    %load/vec4 v0x55eb47400ab0_0;
    %inv;
    %store/vec4 v0x55eb47400ab0_0, 0, 1;
    %jmp T_2;
    .thread T_2;
    .scope S_0x55eb473e0120;
T_3 ;
    %pushi/vec4 160, 0, 16;
    %store/vec4 v0x55eb474009e0_0, 0, 16;
    %pushi/vec4 0, 0, 1;
    %store/vec4 v0x55eb47400d70_0, 0, 1;
    %pushi/vec4 1, 0, 1;
    %store/vec4 v0x55eb47400bb0_0, 0, 1;
    %pushi/vec4 1, 0, 1;
    %store/vec4 v0x55eb47400920_0, 0, 1;
    %delay 10, 0;
    %pushi/vec4 0, 0, 1;
    %store/vec4 v0x55eb47400d70_0, 0, 1;
    %pushi/vec4 1, 0, 1;
    %store/vec4 v0x55eb47400bb0_0, 0, 1;
    %pushi/vec4 0, 0, 1;
    %store/vec4 v0x55eb47400920_0, 0, 1;
    %delay 10, 0;
    %pushi/vec4 1, 0, 1;
    %store/vec4 v0x55eb47400d70_0, 0, 1;
    %pushi/vec4 0, 0, 1;
    %store/vec4 v0x55eb47400bb0_0, 0, 1;
    %pushi/vec4 1, 0, 1;
    %store/vec4 v0x55eb47400920_0, 0, 1;
    %delay 10, 0;
    %pushi/vec4 1, 0, 1;
    %store/vec4 v0x55eb47400d70_0, 0, 1;
    %pushi/vec4 1, 0, 1;
    %store/vec4 v0x55eb47400bb0_0, 0, 1;
    %pushi/vec4 0, 0, 1;
    %store/vec4 v0x55eb47400920_0, 0, 1;
    %delay 10, 0;
    %pushi/vec4 1, 0, 1;
    %store/vec4 v0x55eb47400d70_0, 0, 1;
    %pushi/vec4 0, 0, 1;
    %store/vec4 v0x55eb47400bb0_0, 0, 1;
    %pushi/vec4 0, 0, 1;
    %store/vec4 v0x55eb47400920_0, 0, 1;
    %delay 10, 0;
    %pushi/vec4 1, 0, 1;
    %store/vec4 v0x55eb47400d70_0, 0, 1;
    %pushi/vec4 1, 0, 1;
    %store/vec4 v0x55eb47400bb0_0, 0, 1;
    %pushi/vec4 1, 0, 1;
    %store/vec4 v0x55eb47400920_0, 0, 1;
    %delay 10, 0;
    %vpi_call 2 46 "$finish" {0 0 0};
    %end;
    .thread T_3;
    .scope S_0x55eb473e0120;
T_4 ;
    %vpi_call 2 51 "$dumpfile", "tb_program_counter.vcd" {0 0 0};
    %vpi_call 2 52 "$dumpvars", 32'sb00000000000000000000000000000000, S_0x55eb473e0120 {0 0 0};
    %end;
    .thread T_4;
# The file index is used to find the file name in the following table.
:file_names 4;
    "N/A";
    "<interactive>";
    "tb_program_counter.v";
    "../src/program_counter.v";
